<?xml version="1.0" encoding="utf-8"?>
<coverage line-rate="0.8973" branch-rate="0.7055" version="1.9" timestamp="1783398555" lines-covered="787" lines-valid="877" branches-covered="127" branches-valid="180">
  <sources>
    <source>C:/Users/usuario/.gemini/antigravity/scratch/Sistema_Admision/</source>
  </sources>
  <packages>
    <package name="SAA.API.Server" line-rate="0.9166" branch-rate="0.6578" complexity="47">
      <classes>
        <class name="Program/&lt;&lt;Main&gt;$&gt;d__0" filename="SAA.API/SAA.API.Server/Program.cs" line-rate="0.9845999999999999" branch-rate="0.6666" complexity="6">
          <methods>
            <method name="MoveNext" signature="()" line-rate="0.9845999999999999" branch-rate="0.6666" complexity="6">
              <lines>
                <line number="12" hits="1" branch="False" />
                <line number="14" hits="1" branch="False" />
                <line number="17" hits="1" branch="False" />
                <line number="18" hits="1" branch="False" />
                <line number="21" hits="1" branch="True" condition-coverage="50% (1/2)">
                  <conditions>
                    <condition number="139" type="jump" coverage="50%" />
                  </conditions>
                </line>
                <line number="22" hits="1" branch="False" />
                <line number="24" hits="1" branch="False" />
                <line number="25" hits="1" branch="False" />
                <line number="26" hits="1" branch="False" />
                <line number="27" hits="1" branch="False" />
                <line number="28" hits="1" branch="False" />
                <line number="29" hits="1" branch="False" />
                <line number="30" hits="1" branch="False" />
                <line number="31" hits="1" branch="False" />
                <line number="32" hits="1" branch="False" />
                <line number="33" hits="1" branch="False" />
                <line number="34" hits="1" branch="False" />
                <line number="35" hits="1" branch="False" />
                <line number="36" hits="1" branch="False" />
                <line number="37" hits="1" branch="False" />
                <line number="38" hits="1" branch="False" />
                <line number="39" hits="2" branch="False" />
                <line number="41" hits="1" branch="False" />
                <line number="44" hits="1" branch="True" condition-coverage="50% (1/2)">
                  <conditions>
                    <condition number="283" type="jump" coverage="50%" />
                  </conditions>
                </line>
                <line number="45" hits="1" branch="False" />
                <line number="48" hits="1" branch="False" />
                <line number="49" hits="2" branch="False" />
                <line number="52" hits="1" branch="False" />
                <line number="55" hits="1" branch="False" />
                <line number="56" hits="1" branch="False" />
                <line number="57" hits="1" branch="False" />
                <line number="58" hits="1" branch="False" />
                <line number="61" hits="1" branch="False" />
                <line number="62" hits="1" branch="False" />
                <line number="63" hits="1" branch="False" />
                <line number="64" hits="1" branch="False" />
                <line number="65" hits="1" branch="False" />
                <line number="66" hits="2" branch="False" />
                <line number="67" hits="2" branch="False" />
                <line number="69" hits="1" branch="False" />
                <line number="71" hits="1" branch="False" />
                <line number="74" hits="1" branch="True" condition-coverage="100% (2/2)">
                  <conditions>
                    <condition number="589" type="jump" coverage="100%" />
                  </conditions>
                </line>
                <line number="75" hits="1" branch="False" />
                <line number="76" hits="1" branch="False" />
                <line number="78" hits="1" branch="False" />
                <line number="79" hits="1" branch="False" />
                <line number="81" hits="1" branch="False" />
                <line number="82" hits="1" branch="False" />
                <line number="84" hits="1" branch="False" />
                <line number="85" hits="1" branch="False" />
                <line number="87" hits="1" branch="False" />
                <line number="90" hits="1" branch="False" />
                <line number="91" hits="1" branch="False" />
                <line number="92" hits="1" branch="False" />
                <line number="94" hits="1" branch="False" />
                <line number="95" hits="1" branch="False" />
                <line number="96" hits="1" branch="False" />
                <line number="97" hits="0" branch="False" />
                <line number="98" hits="1" branch="False" />
                <line number="99" hits="1" branch="False" />
                <line number="100" hits="1" branch="False" />
                <line number="101" hits="1" branch="False" />
                <line number="102" hits="1" branch="False" />
                <line number="103" hits="1" branch="False" />
                <line number="105" hits="1" branch="False" />
              </lines>
            </method>
          </methods>
          <lines>
            <line number="12" hits="1" branch="False" />
            <line number="14" hits="1" branch="False" />
            <line number="17" hits="1" branch="False" />
            <line number="18" hits="1" branch="False" />
            <line number="21" hits="1" branch="True" condition-coverage="50% (1/2)">
              <conditions>
                <condition number="139" type="jump" coverage="50%" />
              </conditions>
            </line>
            <line number="22" hits="1" branch="False" />
            <line number="24" hits="1" branch="False" />
            <line number="25" hits="1" branch="False" />
            <line number="26" hits="1" branch="False" />
            <line number="27" hits="1" branch="False" />
            <line number="28" hits="1" branch="False" />
            <line number="29" hits="1" branch="False" />
            <line number="30" hits="1" branch="False" />
            <line number="31" hits="1" branch="False" />
            <line number="32" hits="1" branch="False" />
            <line number="33" hits="1" branch="False" />
            <line number="34" hits="1" branch="False" />
            <line number="35" hits="1" branch="False" />
            <line number="36" hits="1" branch="False" />
            <line number="37" hits="1" branch="False" />
            <line number="38" hits="1" branch="False" />
            <line number="39" hits="2" branch="False" />
            <line number="41" hits="1" branch="False" />
            <line number="44" hits="1" branch="True" condition-coverage="50% (1/2)">
              <conditions>
                <condition number="283" type="jump" coverage="50%" />
              </conditions>
            </line>
            <line number="45" hits="1" branch="False" />
            <line number="48" hits="1" branch="False" />
            <line number="49" hits="2" branch="False" />
            <line number="52" hits="1" branch="False" />
            <line number="55" hits="1" branch="False" />
            <line number="56" hits="1" branch="False" />
            <line number="57" hits="1" branch="False" />
            <line number="58" hits="1" branch="False" />
            <line number="61" hits="1" branch="False" />
            <line number="62" hits="1" branch="False" />
            <line number="63" hits="1" branch="False" />
            <line number="64" hits="1" branch="False" />
            <line number="65" hits="1" branch="False" />
            <line number="66" hits="2" branch="False" />
            <line number="67" hits="2" branch="False" />
            <line number="69" hits="1" branch="False" />
            <line number="71" hits="1" branch="False" />
            <line number="74" hits="1" branch="True" condition-coverage="100% (2/2)">
              <conditions>
                <condition number="589" type="jump" coverage="100%" />
              </conditions>
            </line>
            <line number="75" hits="1" branch="False" />
            <line number="76" hits="1" branch="False" />
            <line number="78" hits="1" branch="False" />
            <line number="79" hits="1" branch="False" />
            <line number="81" hits="1" branch="False" />
            <line number="82" hits="1" branch="False" />
            <line number="84" hits="1" branch="False" />
            <line number="85" hits="1" branch="False" />
            <line number="87" hits="1" branch="False" />
            <line number="90" hits="1" branch="False" />
            <line number="91" hits="1" branch="False" />
            <line number="92" hits="1" branch="False" />
            <line number="94" hits="1" branch="False" />
            <line number="95" hits="1" branch="False" />
            <line number="96" hits="1" branch="False" />
            <line number="97" hits="0" branch="False" />
            <line number="98" hits="1" branch="False" />
            <line number="99" hits="1" branch="False" />
            <line number="100" hits="1" branch="False" />
            <line number="101" hits="1" branch="False" />
            <line number="102" hits="1" branch="False" />
            <line number="103" hits="1" branch="False" />
            <line number="105" hits="1" branch="False" />
          </lines>
        </class>
        <class name="Microsoft.Extensions.Hosting.Extensions" filename="SAA.API/SAA.API.Server/Extensions.cs" line-rate="0.9411" branch-rate="0.5" complexity="18">
          <methods>
            <method name="AddServiceDefaults" signature="(TBuilder)" line-rate="1" branch-rate="0.5" complexity="2">
              <lines>
                <line number="22" hits="1" branch="False" />
                <line number="23" hits="1" branch="False" />
                <line number="25" hits="1" branch="False" />
                <line number="27" hits="1" branch="False" />
                <line number="29" hits="1" branch="True" condition-coverage="50% (1/2)">
                  <conditions>
                    <condition number="53" type="jump" coverage="50%" />
                  </conditions>
                </line>
                <line number="30" hits="1" branch="False" />
                <line number="31" hits="1" branch="False" />
                <line number="32" hits="1" branch="False" />
                <line number="33" hits="1" branch="False" />
                <line number="34" hits="1" branch="False" />
                <line number="35" hits="1" branch="False" />
                <line number="36" hits="2" branch="False" />
                <line number="44" hits="1" branch="False" />
                <line number="45" hits="1" branch="False" />
              </lines>
            </method>
            <method name="ConfigureOpenTelemetry" signature="(TBuilder)" line-rate="1" branch-rate="0.5" complexity="10">
              <lines>
                <line number="48" hits="1" branch="False" />
                <line number="49" hits="1" branch="True" condition-coverage="50% (1/2)">
                  <conditions>
                    <condition number="37" type="jump" coverage="50%" />
                  </conditions>
                </line>
                <line number="50" hits="1" branch="False" />
                <line number="51" hits="1" branch="False" />
                <line number="52" hits="1" branch="False" />
                <line number="53" hits="2" branch="False" />
                <line number="55" hits="1" branch="True" condition-coverage="50% (1/2)">
                  <conditions>
                    <condition number="96" type="jump" coverage="50%" />
                  </conditions>
                </line>
                <line number="56" hits="1" branch="False" />
                <line number="57" hits="1" branch="False" />
                <line number="58" hits="1" branch="False" />
                <line number="59" hits="1" branch="False" />
                <line number="60" hits="1" branch="False" />
                <line number="61" hits="1" branch="False" />
                <line number="62" hits="1" branch="False" />
                <line number="63" hits="1" branch="False" />
                <line number="64" hits="1" branch="True" condition-coverage="50% (1/2)">
                  <conditions>
                    <condition number="44" type="jump" coverage="50%" />
                  </conditions>
                </line>
                <line number="65" hits="1" branch="False" />
                <line number="66" hits="1" branch="False" />
                <line number="67" hits="1" branch="True" condition-coverage="50% (1/2)">
                  <conditions>
                    <condition number="7" type="jump" coverage="50%" />
                  </conditions>
                </line>
                <line number="68" hits="2" branch="True" condition-coverage="50% (1/2)">
                  <conditions>
                    <condition number="29" type="jump" coverage="50%" />
                  </conditions>
                </line>
                <line number="69" hits="2" branch="False" />
                <line number="70" hits="1" branch="False" />
                <line number="71" hits="1" branch="False" />
                <line number="72" hits="1" branch="False" />
                <line number="73" hits="1" branch="False" />
                <line number="74" hits="2" branch="False" />
                <line number="76" hits="1" branch="False" />
                <line number="78" hits="1" branch="False" />
                <line number="79" hits="1" branch="False" />
              </lines>
            </method>
            <method name="AddOpenTelemetryExporters" signature="(TBuilder)" line-rate="0.625" branch-rate="0.5" complexity="2">
              <lines>
                <line number="82" hits="1" branch="False" />
                <line number="83" hits="1" branch="False" />
                <line number="85" hits="1" branch="True" condition-coverage="50% (1/2)">
                  <conditions>
                    <condition number="36" type="jump" coverage="50%" />
                  </conditions>
                </line>
                <line number="86" hits="0" branch="False" />
                <line number="87" hits="0" branch="False" />
                <line number="88" hits="0" branch="False" />
                <line number="97" hits="1" branch="False" />
                <line number="98" hits="1" branch="False" />
              </lines>
            </method>
            <method name="AddDefaultHealthChecks" signature="(TBuilder)" line-rate="1" branch-rate="0.5" complexity="2">
              <lines>
                <line number="101" hits="1" branch="False" />
                <line number="102" hits="1" branch="True" condition-coverage="50% (1/2)">
                  <conditions>
                    <condition number="30" type="jump" coverage="50%" />
                  </conditions>
                </line>
                <line number="103" hits="1" branch="False" />
                <line number="104" hits="1" branch="False" />
                <line number="106" hits="1" branch="False" />
                <line number="107" hits="1" branch="False" />
              </lines>
            </method>
            <method name="MapDefaultEndpoints" signature="(Microsoft.AspNetCore.Builder.WebApplication)" line-rate="0.909" branch-rate="0.5" complexity="2">
              <lines>
                <line number="110" hits="1" branch="False" />
                <line number="113" hits="1" branch="True" condition-coverage="50% (1/2)">
                  <conditions>
                    <condition number="14" type="jump" coverage="50%" />
                  </conditions>
                </line>
                <line number="114" hits="1" branch="False" />
                <line number="116" hits="1" branch="False" />
                <line number="119" hits="1" branch="False" />
                <line number="120" hits="1" branch="False" />
                <line number="121" hits="0" branch="False" />
                <line number="122" hits="1" branch="False" />
                <line number="123" hits="1" branch="False" />
                <line number="125" hits="1" branch="False" />
                <line number="126" hits="1" branch="False" />
              </lines>
            </method>
          </methods>
          <lines>
            <line number="22" hits="1" branch="False" />
            <line number="23" hits="1" branch="False" />
            <line number="25" hits="1" branch="False" />
            <line number="27" hits="1" branch="False" />
            <line number="29" hits="1" branch="True" condition-coverage="50% (1/2)">
              <conditions>
                <condition number="53" type="jump" coverage="50%" />
              </conditions>
            </line>
            <line number="30" hits="1" branch="False" />
            <line number="31" hits="1" branch="False" />
            <line number="32" hits="1" branch="False" />
            <line number="33" hits="1" branch="False" />
            <line number="34" hits="1" branch="False" />
            <line number="35" hits="1" branch="False" />
            <line number="36" hits="2" branch="False" />
            <line number="44" hits="1" branch="False" />
            <line number="45" hits="1" branch="False" />
            <line number="48" hits="1" branch="False" />
            <line number="49" hits="1" branch="True" condition-coverage="50% (1/2)">
              <conditions>
                <condition number="37" type="jump" coverage="50%" />
              </conditions>
            </line>
            <line number="50" hits="1" branch="False" />
            <line number="51" hits="1" branch="False" />
            <line number="52" hits="1" branch="False" />
            <line number="53" hits="2" branch="False" />
            <line number="55" hits="1" branch="True" condition-coverage="50% (1/2)">
              <conditions>
                <condition number="96" type="jump" coverage="50%" />
              </conditions>
            </line>
            <line number="56" hits="1" branch="False" />
            <line number="57" hits="1" branch="False" />
            <line number="58" hits="1" branch="False" />
            <line number="59" hits="1" branch="False" />
            <line number="60" hits="1" branch="False" />
            <line number="61" hits="1" branch="False" />
            <line number="62" hits="1" branch="False" />
            <line number="63" hits="1" branch="False" />
            <line number="64" hits="1" branch="True" condition-coverage="50% (1/2)">
              <conditions>
                <condition number="44" type="jump" coverage="50%" />
              </conditions>
            </line>
            <line number="65" hits="1" branch="False" />
            <line number="66" hits="1" branch="False" />
            <line number="67" hits="1" branch="True" condition-coverage="50% (1/2)">
              <conditions>
                <condition number="7" type="jump" coverage="50%" />
              </conditions>
            </line>
            <line number="68" hits="2" branch="True" condition-coverage="50% (1/2)">
              <conditions>
                <condition number="29" type="jump" coverage="50%" />
              </conditions>
            </line>
            <line number="69" hits="2" branch="False" />
            <line number="70" hits="1" branch="False" />
            <line number="71" hits="1" branch="False" />
            <line number="72" hits="1" branch="False" />
            <line number="73" hits="1" branch="False" />
            <line number="74" hits="2" branch="False" />
            <line number="76" hits="1" branch="False" />
            <line number="78" hits="1" branch="False" />
            <line number="79" hits="1" branch="False" />
            <line number="82" hits="1" branch="False" />
            <line number="83" hits="1" branch="False" />
            <line number="85" hits="1" branch="True" condition-coverage="50% (1/2)">
              <conditions>
                <condition number="36" type="jump" coverage="50%" />
              </conditions>
            </line>
            <line number="86" hits="0" branch="False" />
            <line number="87" hits="0" branch="False" />
            <line number="88" hits="0" branch="False" />
            <line number="97" hits="1" branch="False" />
            <line number="98" hits="1" branch="False" />
            <line number="101" hits="1" branch="False" />
            <line number="102" hits="1" branch="True" condition-coverage="50% (1/2)">
              <conditions>
                <condition number="30" type="jump" coverage="50%" />
              </conditions>
            </line>
            <line number="103" hits="1" branch="False" />
            <line number="104" hits="1" branch="False" />
            <line number="106" hits="1" branch="False" />
            <line number="107" hits="1" branch="False" />
            <line number="110" hits="1" branch="False" />
            <line number="113" hits="1" branch="True" condition-coverage="50% (1/2)">
              <conditions>
                <condition number="14" type="jump" coverage="50%" />
              </conditions>
            </line>
            <line number="114" hits="1" branch="False" />
            <line number="116" hits="1" branch="False" />
            <line number="119" hits="1" branch="False" />
            <line number="120" hits="1" branch="False" />
            <line number="121" hits="0" branch="False" />
            <line number="122" hits="1" branch="False" />
            <line number="123" hits="1" branch="False" />
            <line number="125" hits="1" branch="False" />
            <line number="126" hits="1" branch="False" />
          </lines>
        </class>
        <class name="SAA.API.Server.Controllers.AdmisionController" filename="SAA.API/SAA.API.Server/Controllers/AdmisionController.cs" line-rate="1" branch-rate="1" complexity="1">
          <methods>
            <method name=".ctor" signature="(SAA.Application.Services.MotorAdmisionService)" line-rate="1" branch-rate="1" complexity="1">
              <lines>
                <line number="15" hits="4" branch="False" />
                <line number="16" hits="4" branch="False" />
                <line number="17" hits="4" branch="False" />
                <line number="18" hits="4" branch="False" />
              </lines>
            </method>
          </methods>
          <lines>
            <line number="15" hits="4" branch="False" />
            <line number="16" hits="4" branch="False" />
            <line number="17" hits="4" branch="False" />
            <line number="18" hits="4" branch="False" />
          </lines>
        </class>
        <class name="SAA.API.Server.Controllers.AdmisionController/&lt;ObtenerReporteIngresantes&gt;d__4" filename="SAA.API/SAA.API.Server/Controllers/AdmisionController.cs" line-rate="0.625" branch-rate="1" complexity="1">
          <methods>
            <method name="MoveNext" signature="()" line-rate="0.625" branch-rate="1" complexity="1">
              <lines>
                <line number="50" hits="1" branch="False" />
                <line number="52" hits="1" branch="False" />
                <line number="53" hits="1" branch="False" />
                <line number="54" hits="1" branch="False" />
                <line number="56" hits="0" branch="False" />
                <line number="57" hits="0" branch="False" />
                <line number="58" hits="0" branch="False" />
                <line number="60" hits="1" branch="False" />
              </lines>
            </method>
          </methods>
          <lines>
            <line number="50" hits="1" branch="False" />
            <line number="52" hits="1" branch="False" />
            <line number="53" hits="1" branch="False" />
            <line number="54" hits="1" branch="False" />
            <line number="56" hits="0" branch="False" />
            <line number="57" hits="0" branch="False" />
            <line number="58" hits="0" branch="False" />
            <line number="60" hits="1" branch="False" />
          </lines>
        </class>
        <class name="SAA.API.Server.Controllers.AdmisionController/&lt;ObtenerReporteTodos&gt;d__5" filename="SAA.API/SAA.API.Server/Controllers/AdmisionController.cs" line-rate="0.625" branch-rate="1" complexity="1">
          <methods>
            <method name="MoveNext" signature="()" line-rate="0.625" branch-rate="1" complexity="1">
              <lines>
                <line number="64" hits="1" branch="False" />
                <line number="66" hits="1" branch="False" />
                <line number="67" hits="1" branch="False" />
                <line number="68" hits="1" branch="False" />
                <line number="70" hits="0" branch="False" />
                <line number="71" hits="0" branch="False" />
                <line number="72" hits="0" branch="False" />
                <line number="74" hits="1" branch="False" />
              </lines>
            </method>
          </methods>
          <lines>
            <line number="64" hits="1" branch="False" />
            <line number="66" hits="1" branch="False" />
            <line number="67" hits="1" branch="False" />
            <line number="68" hits="1" branch="False" />
            <line number="70" hits="0" branch="False" />
            <line number="71" hits="0" branch="False" />
            <line number="72" hits="0" branch="False" />
            <line number="74" hits="1" branch="False" />
          </lines>
        </class>
        <class name="SAA.API.Server.Controllers.AdmisionController/&lt;ProcesarResultados&gt;d__3" filename="SAA.API/SAA.API.Server/Controllers/AdmisionController.cs" line-rate="0.625" branch-rate="1" complexity="1">
          <methods>
            <method name="MoveNext" signature="()" line-rate="0.625" branch-rate="1" complexity="1">
              <lines>
                <line number="36" hits="1" branch="False" />
                <line number="38" hits="1" branch="False" />
                <line number="39" hits="1" branch="False" />
                <line number="40" hits="1" branch="False" />
                <line number="42" hits="0" branch="False" />
                <line number="43" hits="0" branch="False" />
                <line number="44" hits="0" branch="False" />
                <line number="46" hits="1" branch="False" />
              </lines>
            </method>
          </methods>
          <lines>
            <line number="36" hits="1" branch="False" />
            <line number="38" hits="1" branch="False" />
            <line number="39" hits="1" branch="False" />
            <line number="40" hits="1" branch="False" />
            <line number="42" hits="0" branch="False" />
            <line number="43" hits="0" branch="False" />
            <line number="44" hits="0" branch="False" />
            <line number="46" hits="1" branch="False" />
          </lines>
        </class>
        <class name="SAA.API.Server.Controllers.AdmisionController/&lt;RegistrarExamen&gt;d__2" filename="SAA.API/SAA.API.Server/Controllers/AdmisionController.cs" line-rate="0.625" branch-rate="1" complexity="1">
          <methods>
            <method name="MoveNext" signature="()" line-rate="0.625" branch-rate="1" complexity="1">
              <lines>
                <line number="22" hits="1" branch="False" />
                <line number="24" hits="1" branch="False" />
                <line number="25" hits="1" branch="False" />
                <line number="26" hits="1" branch="False" />
                <line number="28" hits="0" branch="False" />
                <line number="29" hits="0" branch="False" />
                <line number="30" hits="0" branch="False" />
                <line number="32" hits="1" branch="False" />
              </lines>
            </method>
          </methods>
          <lines>
            <line number="22" hits="1" branch="False" />
            <line number="24" hits="1" branch="False" />
            <line number="25" hits="1" branch="False" />
            <line number="26" hits="1" branch="False" />
            <line number="28" hits="0" branch="False" />
            <line number="29" hits="0" branch="False" />
            <line number="30" hits="0" branch="False" />
            <line number="32" hits="1" branch="False" />
          </lines>
        </class>
        <class name="SAA.API.Server.Controllers.AuthController" filename="SAA.API/SAA.API.Server/Controllers/AuthController.cs" line-rate="1" branch-rate="1" complexity="1">
          <methods>
            <method name=".ctor" signature="(SAA.Application.Services.AuthService)" line-rate="1" branch-rate="1" complexity="1">
              <lines>
                <line number="13" hits="3" branch="False" />
                <line number="14" hits="3" branch="False" />
                <line number="15" hits="3" branch="False" />
                <line number="16" hits="3" branch="False" />
              </lines>
            </method>
          </methods>
          <lines>
            <line number="13" hits="3" branch="False" />
            <line number="14" hits="3" branch="False" />
            <line number="15" hits="3" branch="False" />
            <line number="16" hits="3" branch="False" />
          </lines>
        </class>
        <class name="SAA.API.Server.Controllers.AuthController/&lt;Login&gt;d__2" filename="SAA.API/SAA.API.Server/Controllers/AuthController.cs" line-rate="1" branch-rate="1" complexity="4">
          <methods>
            <method name="MoveNext" signature="()" line-rate="1" branch-rate="1" complexity="4">
              <lines>
                <line number="20" hits="3" branch="False" />
                <line number="21" hits="3" branch="True" condition-coverage="100% (2/2)">
                  <conditions>
                    <condition number="39" type="jump" coverage="100%" />
                  </conditions>
                </line>
                <line number="22" hits="1" branch="False" />
                <line number="24" hits="2" branch="False" />
                <line number="26" hits="2" branch="True" condition-coverage="100% (2/2)">
                  <conditions>
                    <condition number="224" type="jump" coverage="100%" />
                  </conditions>
                </line>
                <line number="27" hits="1" branch="False" />
                <line number="29" hits="1" branch="False" />
                <line number="30" hits="3" branch="False" />
              </lines>
            </method>
          </methods>
          <lines>
            <line number="20" hits="3" branch="False" />
            <line number="21" hits="3" branch="True" condition-coverage="100% (2/2)">
              <conditions>
                <condition number="39" type="jump" coverage="100%" />
              </conditions>
            </line>
            <line number="22" hits="1" branch="False" />
            <line number="24" hits="2" branch="False" />
            <line number="26" hits="2" branch="True" condition-coverage="100% (2/2)">
              <conditions>
                <condition number="224" type="jump" coverage="100%" />
              </conditions>
            </line>
            <line number="27" hits="1" branch="False" />
            <line number="29" hits="1" branch="False" />
            <line number="30" hits="3" branch="False" />
          </lines>
        </class>
        <class name="SAA.API.Server.Controllers.PostulantesController" filename="SAA.API/SAA.API.Server/Controllers/PostulantesController.cs" line-rate="1" branch-rate="1" complexity="1">
          <methods>
            <method name=".ctor" signature="(SAA.Application.Services.PostulanteService)" line-rate="1" branch-rate="1" complexity="1">
              <lines>
                <line number="13" hits="6" branch="False" />
                <line number="14" hits="6" branch="False" />
                <line number="15" hits="6" branch="False" />
                <line number="16" hits="6" branch="False" />
              </lines>
            </method>
          </methods>
          <lines>
            <line number="13" hits="6" branch="False" />
            <line number="14" hits="6" branch="False" />
            <line number="15" hits="6" branch="False" />
            <line number="16" hits="6" branch="False" />
          </lines>
        </class>
        <class name="SAA.API.Server.Controllers.PostulantesController/&lt;&gt;c" filename="SAA.API/SAA.API.Server/Controllers/PostulantesController.cs" line-rate="1" branch-rate="0.6666" complexity="6">
          <methods>
            <method name="&lt;MiResultado&gt;b__4_0" signature="(System.Security.Claims.Claim)" line-rate="1" branch-rate="0.6666" complexity="6">
              <lines>
                <line number="43" hits="5" branch="True" condition-coverage="66.66% (4/6)">
                  <conditions>
                    <condition number="16" type="jump" coverage="100%" />
                    <condition number="34" type="jump" coverage="50%" />
                    <condition number="52" type="jump" coverage="50%" />
                  </conditions>
                </line>
              </lines>
            </method>
          </methods>
          <lines>
            <line number="43" hits="5" branch="True" condition-coverage="66.66% (4/6)">
              <conditions>
                <condition number="16" type="jump" coverage="100%" />
                <condition number="34" type="jump" coverage="50%" />
                <condition number="52" type="jump" coverage="50%" />
              </conditions>
            </line>
          </lines>
        </class>
        <class name="SAA.API.Server.Controllers.PostulantesController/&lt;CrearPostulante&gt;d__2" filename="SAA.API/SAA.API.Server/Controllers/PostulantesController.cs" line-rate="1" branch-rate="1" complexity="1">
          <methods>
            <method name="MoveNext" signature="()" line-rate="1" branch-rate="1" complexity="1">
              <lines>
                <line number="20" hits="2" branch="False" />
                <line number="22" hits="2" branch="False" />
                <line number="23" hits="2" branch="False" />
                <line number="24" hits="1" branch="False" />
                <line number="26" hits="1" branch="False" />
                <line number="27" hits="1" branch="False" />
                <line number="28" hits="1" branch="False" />
                <line number="30" hits="2" branch="False" />
              </lines>
            </method>
          </methods>
          <lines>
            <line number="20" hits="2" branch="False" />
            <line number="22" hits="2" branch="False" />
            <line number="23" hits="2" branch="False" />
            <line number="24" hits="1" branch="False" />
            <line number="26" hits="1" branch="False" />
            <line number="27" hits="1" branch="False" />
            <line number="28" hits="1" branch="False" />
            <line number="30" hits="2" branch="False" />
          </lines>
        </class>
        <class name="SAA.API.Server.Controllers.PostulantesController/&lt;MiResultado&gt;d__4" filename="SAA.API/SAA.API.Server/Controllers/PostulantesController.cs" line-rate="1" branch-rate="1" complexity="4">
          <methods>
            <method name="MoveNext" signature="()" line-rate="1" branch-rate="1" complexity="4">
              <lines>
                <line number="42" hits="3" branch="False" />
                <line number="44" hits="4" branch="True" condition-coverage="100% (2/2)">
                  <conditions>
                    <condition number="101" type="jump" coverage="100%" />
                  </conditions>
                </line>
                <line number="46" hits="2" branch="False" />
                <line number="47" hits="3" branch="True" condition-coverage="100% (2/2)">
                  <conditions>
                    <condition number="280" type="jump" coverage="100%" />
                  </conditions>
                </line>
                <line number="49" hits="1" branch="False" />
                <line number="50" hits="3" branch="False" />
              </lines>
            </method>
          </methods>
          <lines>
            <line number="42" hits="3" branch="False" />
            <line number="44" hits="4" branch="True" condition-coverage="100% (2/2)">
              <conditions>
                <condition number="101" type="jump" coverage="100%" />
              </conditions>
            </line>
            <line number="46" hits="2" branch="False" />
            <line number="47" hits="3" branch="True" condition-coverage="100% (2/2)">
              <conditions>
                <condition number="280" type="jump" coverage="100%" />
              </conditions>
            </line>
            <line number="49" hits="1" branch="False" />
            <line number="50" hits="3" branch="False" />
          </lines>
        </class>
        <class name="SAA.API.Server.Controllers.PostulantesController/&lt;ObtenerPostulantes&gt;d__3" filename="SAA.API/SAA.API.Server/Controllers/PostulantesController.cs" line-rate="1" branch-rate="1" complexity="1">
          <methods>
            <method name="MoveNext" signature="()" line-rate="1" branch-rate="1" complexity="1">
              <lines>
                <line number="34" hits="1" branch="False" />
                <line number="35" hits="1" branch="False" />
                <line number="36" hits="1" branch="False" />
                <line number="37" hits="1" branch="False" />
              </lines>
            </method>
          </methods>
          <lines>
            <line number="34" hits="1" branch="False" />
            <line number="35" hits="1" branch="False" />
            <line number="36" hits="1" branch="False" />
            <line number="37" hits="1" branch="False" />
          </lines>
        </class>
      </classes>
    </package>
    <package name="SAA.Application" line-rate="0.9403" branch-rate="0.745" complexity="156">
      <classes>
        <class name="SAA.Application.Services.AuthService" filename="SAA.Application/Services/AuthService.cs" line-rate="1" branch-rate="0.5" complexity="3">
          <methods>
            <method name="GenerateToken" signature="(System.Int32,System.String,System.String,System.String,System.String)" line-rate="1" branch-rate="0.5" complexity="2">
              <lines>
                <line number="80" hits="2" branch="False" />
                <line number="83" hits="2" branch="False" />
                <line number="84" hits="2" branch="True" condition-coverage="50% (1/2)">
                  <conditions>
                    <condition number="29" type="jump" coverage="50%" />
                  </conditions>
                </line>
                <line number="86" hits="2" branch="False" />
                <line number="87" hits="2" branch="False" />
                <line number="88" hits="2" branch="False" />
                <line number="89" hits="2" branch="False" />
                <line number="90" hits="2" branch="False" />
                <line number="91" hits="2" branch="False" />
                <line number="93" hits="2" branch="False" />
                <line number="94" hits="2" branch="False" />
                <line number="95" hits="2" branch="False" />
                <line number="96" hits="2" branch="False" />
                <line number="97" hits="2" branch="False" />
                <line number="98" hits="2" branch="False" />
                <line number="99" hits="2" branch="False" />
                <line number="100" hits="2" branch="False" />
                <line number="102" hits="2" branch="False" />
                <line number="103" hits="2" branch="False" />
                <line number="105" hits="2" branch="False" />
                <line number="106" hits="2" branch="False" />
                <line number="107" hits="2" branch="False" />
                <line number="108" hits="2" branch="False" />
                <line number="109" hits="2" branch="False" />
                <line number="110" hits="2" branch="False" />
                <line number="111" hits="2" branch="False" />
                <line number="112" hits="2" branch="False" />
                <line number="113" hits="2" branch="False" />
                <line number="114" hits="2" branch="False" />
                <line number="115" hits="2" branch="False" />
                <line number="116" hits="2" branch="False" />
                <line number="117" hits="2" branch="False" />
                <line number="118" hits="2" branch="False" />
                <line number="119" hits="2" branch="False" />
              </lines>
            </method>
            <method name=".ctor" signature="(SAA.Application.Interfaces.IApplicationDbContext,Microsoft.Extensions.Configuration.IConfiguration)" line-rate="1" branch-rate="1" complexity="1">
              <lines>
                <line number="17" hits="6" branch="False" />
                <line number="18" hits="6" branch="False" />
                <line number="19" hits="6" branch="False" />
                <line number="20" hits="6" branch="False" />
                <line number="21" hits="6" branch="False" />
              </lines>
            </method>
          </methods>
          <lines>
            <line number="80" hits="2" branch="False" />
            <line number="83" hits="2" branch="False" />
            <line number="84" hits="2" branch="True" condition-coverage="50% (1/2)">
              <conditions>
                <condition number="29" type="jump" coverage="50%" />
              </conditions>
            </line>
            <line number="86" hits="2" branch="False" />
            <line number="87" hits="2" branch="False" />
            <line number="88" hits="2" branch="False" />
            <line number="89" hits="2" branch="False" />
            <line number="90" hits="2" branch="False" />
            <line number="91" hits="2" branch="False" />
            <line number="93" hits="2" branch="False" />
            <line number="94" hits="2" branch="False" />
            <line number="95" hits="2" branch="False" />
            <line number="96" hits="2" branch="False" />
            <line number="97" hits="2" branch="False" />
            <line number="98" hits="2" branch="False" />
            <line number="99" hits="2" branch="False" />
            <line number="100" hits="2" branch="False" />
            <line number="102" hits="2" branch="False" />
            <line number="103" hits="2" branch="False" />
            <line number="105" hits="2" branch="False" />
            <line number="106" hits="2" branch="False" />
            <line number="107" hits="2" branch="False" />
            <line number="108" hits="2" branch="False" />
            <line number="109" hits="2" branch="False" />
            <line number="110" hits="2" branch="False" />
            <line number="111" hits="2" branch="False" />
            <line number="112" hits="2" branch="False" />
            <line number="113" hits="2" branch="False" />
            <line number="114" hits="2" branch="False" />
            <line number="115" hits="2" branch="False" />
            <line number="116" hits="2" branch="False" />
            <line number="117" hits="2" branch="False" />
            <line number="118" hits="2" branch="False" />
            <line number="119" hits="2" branch="False" />
            <line number="17" hits="6" branch="False" />
            <line number="18" hits="6" branch="False" />
            <line number="19" hits="6" branch="False" />
            <line number="20" hits="6" branch="False" />
            <line number="21" hits="6" branch="False" />
          </lines>
        </class>
        <class name="SAA.Application.Services.AuthService/&lt;LoginAsync&gt;d__3" filename="SAA.Application/Services/AuthService.cs" line-rate="0.775" branch-rate="0.75" complexity="16">
          <methods>
            <method name="MoveNext" signature="()" line-rate="0.775" branch-rate="0.75" complexity="16">
              <lines>
                <line number="24" hits="5" branch="False" />
                <line number="25" hits="5" branch="False" />
                <line number="26" hits="5" branch="False" />
                <line number="28" hits="5" branch="True" condition-coverage="100% (2/2)">
                  <conditions>
                    <condition number="399" type="jump" coverage="100%" />
                  </conditions>
                </line>
                <line number="29" hits="4" branch="False" />
                <line number="30" hits="4" branch="True" condition-coverage="100% (6/6)">
                  <conditions>
                    <condition number="437" type="jump" coverage="100%" />
                    <condition number="460" type="jump" coverage="100%" />
                    <condition number="495" type="jump" coverage="100%" />
                  </conditions>
                </line>
                <line number="31" hits="1" branch="False" />
                <line number="32" hits="1" branch="False" />
                <line number="33" hits="1" branch="False" />
                <line number="34" hits="1" branch="False" />
                <line number="35" hits="1" branch="False" />
                <line number="36" hits="1" branch="False" />
                <line number="39" hits="3" branch="True" condition-coverage="100% (2/2)">
                  <conditions>
                    <condition number="554" type="jump" coverage="100%" />
                  </conditions>
                </line>
                <line number="40" hits="1" branch="False" />
                <line number="41" hits="1" branch="False" />
                <line number="42" hits="1" branch="False" />
                <line number="43" hits="1" branch="False" />
                <line number="44" hits="1" branch="False" />
                <line number="45" hits="1" branch="False" />
                <line number="48" hits="2" branch="False" />
                <line number="49" hits="2" branch="False" />
                <line number="50" hits="2" branch="True" condition-coverage="50% (1/2)">
                  <conditions>
                    <condition number="770" type="jump" coverage="50%" />
                  </conditions>
                </line>
                <line number="54" hits="1" branch="False" />
                <line number="55" hits="1" branch="False" />
                <line number="57" hits="1" branch="True" condition-coverage="50% (1/2)">
                  <conditions>
                    <condition number="1178" type="jump" coverage="50%" />
                  </conditions>
                </line>
                <line number="58" hits="0" branch="False" />
                <line number="59" hits="0" branch="True" condition-coverage="0% (0/2)">
                  <conditions>
                    <condition number="1209" type="jump" coverage="0%" />
                  </conditions>
                </line>
                <line number="60" hits="0" branch="False" />
                <line number="61" hits="0" branch="False" />
                <line number="62" hits="0" branch="False" />
                <line number="63" hits="0" branch="False" />
                <line number="64" hits="0" branch="False" />
                <line number="65" hits="0" branch="False" />
                <line number="69" hits="0" branch="False" />
                <line number="72" hits="1" branch="False" />
                <line number="73" hits="1" branch="False" />
                <line number="74" hits="1" branch="False" />
                <line number="75" hits="1" branch="False" />
                <line number="76" hits="1" branch="False" />
                <line number="77" hits="5" branch="False" />
              </lines>
            </method>
          </methods>
          <lines>
            <line number="24" hits="5" branch="False" />
            <line number="25" hits="5" branch="False" />
            <line number="26" hits="5" branch="False" />
            <line number="28" hits="5" branch="True" condition-coverage="100% (2/2)">
              <conditions>
                <condition number="399" type="jump" coverage="100%" />
              </conditions>
            </line>
            <line number="29" hits="4" branch="False" />
            <line number="30" hits="4" branch="True" condition-coverage="100% (6/6)">
              <conditions>
                <condition number="437" type="jump" coverage="100%" />
                <condition number="460" type="jump" coverage="100%" />
                <condition number="495" type="jump" coverage="100%" />
              </conditions>
            </line>
            <line number="31" hits="1" branch="False" />
            <line number="32" hits="1" branch="False" />
            <line number="33" hits="1" branch="False" />
            <line number="34" hits="1" branch="False" />
            <line number="35" hits="1" branch="False" />
            <line number="36" hits="1" branch="False" />
            <line number="39" hits="3" branch="True" condition-coverage="100% (2/2)">
              <conditions>
                <condition number="554" type="jump" coverage="100%" />
              </conditions>
            </line>
            <line number="40" hits="1" branch="False" />
            <line number="41" hits="1" branch="False" />
            <line number="42" hits="1" branch="False" />
            <line number="43" hits="1" branch="False" />
            <line number="44" hits="1" branch="False" />
            <line number="45" hits="1" branch="False" />
            <line number="48" hits="2" branch="False" />
            <line number="49" hits="2" branch="False" />
            <line number="50" hits="2" branch="True" condition-coverage="50% (1/2)">
              <conditions>
                <condition number="770" type="jump" coverage="50%" />
              </conditions>
            </line>
            <line number="54" hits="1" branch="False" />
            <line number="55" hits="1" branch="False" />
            <line number="57" hits="1" branch="True" condition-coverage="50% (1/2)">
              <conditions>
                <condition number="1178" type="jump" coverage="50%" />
              </conditions>
            </line>
            <line number="58" hits="0" branch="False" />
            <line number="59" hits="0" branch="True" condition-coverage="0% (0/2)">
              <conditions>
                <condition number="1209" type="jump" coverage="0%" />
              </conditions>
            </line>
            <line number="60" hits="0" branch="False" />
            <line number="61" hits="0" branch="False" />
            <line number="62" hits="0" branch="False" />
            <line number="63" hits="0" branch="False" />
            <line number="64" hits="0" branch="False" />
            <line number="65" hits="0" branch="False" />
            <line number="69" hits="0" branch="False" />
            <line number="72" hits="1" branch="False" />
            <line number="73" hits="1" branch="False" />
            <line number="74" hits="1" branch="False" />
            <line number="75" hits="1" branch="False" />
            <line number="76" hits="1" branch="False" />
            <line number="77" hits="5" branch="False" />
          </lines>
        </class>
        <class name="SAA.Application.Services.MotorAdmisionService" filename="SAA.Application/Services/MotorAdmisionService.cs" line-rate="1" branch-rate="1" complexity="1">
          <methods>
            <method name=".ctor" signature="(SAA.Application.Interfaces.IApplicationDbContext)" line-rate="1" branch-rate="1" complexity="1">
              <lines>
                <line number="12" hits="23" branch="False" />
                <line number="13" hits="23" branch="False" />
                <line number="14" hits="23" branch="False" />
                <line number="15" hits="23" branch="False" />
              </lines>
            </method>
          </methods>
          <lines>
            <line number="12" hits="23" branch="False" />
            <line number="13" hits="23" branch="False" />
            <line number="14" hits="23" branch="False" />
            <line number="15" hits="23" branch="False" />
          </lines>
        </class>
        <class name="SAA.Application.Services.MotorAdmisionService/&lt;&gt;c" filename="SAA.Application/Services/MotorAdmisionService.cs" line-rate="1" branch-rate="1" complexity="6">
          <methods>
            <method name="&lt;ProcesarResultadosAsync&gt;b__3_0" signature="(SAA.Domain.Entities.ExamenAdmision)" line-rate="1" branch-rate="1" complexity="1">
              <lines>
                <line number="66" hits="33" branch="False" />
              </lines>
            </method>
            <method name="&lt;ProcesarResultadosAsync&gt;b__3_4" signature="(SAA.Domain.Entities.ExamenAdmision)" line-rate="1" branch-rate="1" complexity="1">
              <lines>
                <line number="78" hits="5" branch="False" />
              </lines>
            </method>
            <method name="&lt;ObtenerReporteIngresantesAsync&gt;b__4_0" signature="(SAA.Domain.Entities.ResultadoAdmision)" line-rate="1" branch-rate="1" complexity="1">
              <lines>
                <line number="140" hits="3" branch="False" />
              </lines>
            </method>
            <method name="&lt;ObtenerReporteIngresantesAsync&gt;b__4_2" signature="(SAA.Application.DTOs.ReporteIngresanteDto)" line-rate="1" branch-rate="1" complexity="1">
              <lines>
                <line number="161" hits="5" branch="False" />
              </lines>
            </method>
            <method name="&lt;ObtenerReporteTodosAsync&gt;b__5_0" signature="(SAA.Domain.Entities.ResultadoAdmision)" line-rate="1" branch-rate="1" complexity="1">
              <lines>
                <line number="172" hits="3" branch="False" />
              </lines>
            </method>
            <method name="&lt;ObtenerReporteTodosAsync&gt;b__5_2" signature="(SAA.Application.DTOs.ReporteIngresanteDto)" line-rate="1" branch-rate="1" complexity="1">
              <lines>
                <line number="197" hits="5" branch="False" />
              </lines>
            </method>
          </methods>
          <lines>
            <line number="66" hits="33" branch="False" />
            <line number="78" hits="5" branch="False" />
            <line number="140" hits="3" branch="False" />
            <line number="161" hits="5" branch="False" />
            <line number="172" hits="3" branch="False" />
            <line number="197" hits="5" branch="False" />
          </lines>
        </class>
        <class name="SAA.Application.Services.MotorAdmisionService/&lt;&gt;c__DisplayClass3_1" filename="SAA.Application/Services/MotorAdmisionService.cs" line-rate="1" branch-rate="1" complexity="1">
          <methods>
            <method name="&lt;ProcesarResultadosAsync&gt;b__2" signature="(SAA.Domain.Entities.FichaPostulacion)" line-rate="1" branch-rate="1" complexity="1">
              <lines>
                <line number="76" hits="37" branch="False" />
              </lines>
            </method>
          </methods>
          <lines>
            <line number="76" hits="37" branch="False" />
          </lines>
        </class>
        <class name="SAA.Application.Services.MotorAdmisionService/&lt;&gt;c__DisplayClass3_2" filename="SAA.Application/Services/MotorAdmisionService.cs" line-rate="1" branch-rate="1" complexity="1">
          <methods>
            <method name="&lt;ProcesarResultadosAsync&gt;b__3" signature="(SAA.Domain.Entities.ExamenAdmision)" line-rate="1" branch-rate="1" complexity="1">
              <lines>
                <line number="77" hits="63" branch="False" />
              </lines>
            </method>
          </methods>
          <lines>
            <line number="77" hits="63" branch="False" />
          </lines>
        </class>
        <class name="SAA.Application.Services.MotorAdmisionService/&lt;&gt;c__DisplayClass4_0" filename="SAA.Application/Services/MotorAdmisionService.cs" line-rate="1" branch-rate="0.5" complexity="16">
          <methods>
            <method name="&lt;ObtenerReporteIngresantesAsync&gt;b__1" signature="(SAA.Domain.Entities.ResultadoAdmision)" line-rate="1" branch-rate="0.5" complexity="16">
              <lines>
                <line number="147" hits="3" branch="False" />
                <line number="148" hits="5" branch="False" />
                <line number="149" hits="4" branch="False" />
                <line number="151" hits="2" branch="True" condition-coverage="50% (8/16)">
                  <conditions>
                    <condition number="69" type="jump" coverage="50%" />
                    <condition number="81" type="jump" coverage="50%" />
                    <condition number="97" type="jump" coverage="50%" />
                    <condition number="109" type="jump" coverage="50%" />
                    <condition number="125" type="jump" coverage="50%" />
                    <condition number="137" type="jump" coverage="50%" />
                    <condition number="153" type="jump" coverage="50%" />
                    <condition number="165" type="jump" coverage="50%" />
                  </conditions>
                </line>
                <line number="152" hits="2" branch="False" />
                <line number="153" hits="2" branch="False" />
                <line number="154" hits="2" branch="False" />
                <line number="155" hits="2" branch="False" />
                <line number="156" hits="2" branch="False" />
                <line number="157" hits="2" branch="False" />
                <line number="158" hits="2" branch="False" />
                <line number="159" hits="2" branch="False" />
                <line number="160" hits="2" branch="False" />
              </lines>
            </method>
          </methods>
          <lines>
            <line number="147" hits="3" branch="False" />
            <line number="148" hits="5" branch="False" />
            <line number="149" hits="4" branch="False" />
            <line number="151" hits="2" branch="True" condition-coverage="50% (8/16)">
              <conditions>
                <condition number="69" type="jump" coverage="50%" />
                <condition number="81" type="jump" coverage="50%" />
                <condition number="97" type="jump" coverage="50%" />
                <condition number="109" type="jump" coverage="50%" />
                <condition number="125" type="jump" coverage="50%" />
                <condition number="137" type="jump" coverage="50%" />
                <condition number="153" type="jump" coverage="50%" />
                <condition number="165" type="jump" coverage="50%" />
              </conditions>
            </line>
            <line number="152" hits="2" branch="False" />
            <line number="153" hits="2" branch="False" />
            <line number="154" hits="2" branch="False" />
            <line number="155" hits="2" branch="False" />
            <line number="156" hits="2" branch="False" />
            <line number="157" hits="2" branch="False" />
            <line number="158" hits="2" branch="False" />
            <line number="159" hits="2" branch="False" />
            <line number="160" hits="2" branch="False" />
          </lines>
        </class>
        <class name="SAA.Application.Services.MotorAdmisionService/&lt;&gt;c__DisplayClass5_0" filename="SAA.Application/Services/MotorAdmisionService.cs" line-rate="1" branch-rate="0.5" complexity="18">
          <methods>
            <method name="&lt;ObtenerReporteTodosAsync&gt;b__1" signature="(SAA.Domain.Entities.ResultadoAdmision)" line-rate="1" branch-rate="0.5" complexity="18">
              <lines>
                <line number="179" hits="3" branch="False" />
                <line number="180" hits="5" branch="False" />
                <line number="181" hits="4" branch="False" />
                <line number="186" hits="2" branch="True" condition-coverage="50% (9/18)">
                  <conditions>
                    <condition number="69" type="jump" coverage="50%" />
                    <condition number="81" type="jump" coverage="50%" />
                    <condition number="97" type="jump" coverage="50%" />
                    <condition number="109" type="jump" coverage="50%" />
                    <condition number="125" type="jump" coverage="50%" />
                    <condition number="137" type="jump" coverage="50%" />
                    <condition number="153" type="jump" coverage="50%" />
                    <condition number="165" type="jump" coverage="50%" />
                    <condition number="269" type="jump" coverage="50%" />
                  </conditions>
                </line>
                <line number="187" hits="2" branch="False" />
                <line number="188" hits="2" branch="False" />
                <line number="189" hits="2" branch="False" />
                <line number="190" hits="2" branch="False" />
                <line number="191" hits="2" branch="False" />
                <line number="192" hits="2" branch="False" />
                <line number="193" hits="2" branch="False" />
                <line number="194" hits="2" branch="False" />
                <line number="195" hits="2" branch="False" />
                <line number="196" hits="2" branch="False" />
              </lines>
            </method>
          </methods>
          <lines>
            <line number="179" hits="3" branch="False" />
            <line number="180" hits="5" branch="False" />
            <line number="181" hits="4" branch="False" />
            <line number="186" hits="2" branch="True" condition-coverage="50% (9/18)">
              <conditions>
                <condition number="69" type="jump" coverage="50%" />
                <condition number="81" type="jump" coverage="50%" />
                <condition number="97" type="jump" coverage="50%" />
                <condition number="109" type="jump" coverage="50%" />
                <condition number="125" type="jump" coverage="50%" />
                <condition number="137" type="jump" coverage="50%" />
                <condition number="153" type="jump" coverage="50%" />
                <condition number="165" type="jump" coverage="50%" />
                <condition number="269" type="jump" coverage="50%" />
              </conditions>
            </line>
            <line number="187" hits="2" branch="False" />
            <line number="188" hits="2" branch="False" />
            <line number="189" hits="2" branch="False" />
            <line number="190" hits="2" branch="False" />
            <line number="191" hits="2" branch="False" />
            <line number="192" hits="2" branch="False" />
            <line number="193" hits="2" branch="False" />
            <line number="194" hits="2" branch="False" />
            <line number="195" hits="2" branch="False" />
            <line number="196" hits="2" branch="False" />
          </lines>
        </class>
        <class name="SAA.Application.Services.MotorAdmisionService/&lt;ObtenerReporteIngresantesAsync&gt;d__4" filename="SAA.Application/Services/MotorAdmisionService.cs" line-rate="1" branch-rate="1" complexity="2">
          <methods>
            <method name="MoveNext" signature="()" line-rate="1" branch-rate="1" complexity="2">
              <lines>
                <line number="133" hits="3" branch="False" />
                <line number="134" hits="3" branch="False" />
                <line number="135" hits="3" branch="False" />
                <line number="136" hits="3" branch="False" />
                <line number="138" hits="5" branch="True" condition-coverage="100% (2/2)">
                  <conditions>
                    <condition number="305" type="jump" coverage="100%" />
                  </conditions>
                </line>
                <line number="141" hits="1" branch="False" />
                <line number="142" hits="1" branch="False" />
                <line number="143" hits="1" branch="False" />
                <line number="145" hits="1" branch="False" />
                <line number="150" hits="1" branch="False" />
                <line number="163" hits="1" branch="False" />
                <line number="164" hits="3" branch="False" />
              </lines>
            </method>
          </methods>
          <lines>
            <line number="133" hits="3" branch="False" />
            <line number="134" hits="3" branch="False" />
            <line number="135" hits="3" branch="False" />
            <line number="136" hits="3" branch="False" />
            <line number="138" hits="5" branch="True" condition-coverage="100% (2/2)">
              <conditions>
                <condition number="305" type="jump" coverage="100%" />
              </conditions>
            </line>
            <line number="141" hits="1" branch="False" />
            <line number="142" hits="1" branch="False" />
            <line number="143" hits="1" branch="False" />
            <line number="145" hits="1" branch="False" />
            <line number="150" hits="1" branch="False" />
            <line number="163" hits="1" branch="False" />
            <line number="164" hits="3" branch="False" />
          </lines>
        </class>
        <class name="SAA.Application.Services.MotorAdmisionService/&lt;ObtenerReporteTodosAsync&gt;d__5" filename="SAA.Application/Services/MotorAdmisionService.cs" line-rate="1" branch-rate="1" complexity="2">
          <methods>
            <method name="MoveNext" signature="()" line-rate="1" branch-rate="1" complexity="2">
              <lines>
                <line number="167" hits="3" branch="False" />
                <line number="168" hits="3" branch="False" />
                <line number="170" hits="5" branch="True" condition-coverage="100% (2/2)">
                  <conditions>
                    <condition number="214" type="jump" coverage="100%" />
                  </conditions>
                </line>
                <line number="173" hits="1" branch="False" />
                <line number="174" hits="1" branch="False" />
                <line number="175" hits="1" branch="False" />
                <line number="177" hits="1" branch="False" />
                <line number="182" hits="1" branch="False" />
                <line number="183" hits="1" branch="False" />
                <line number="184" hits="1" branch="False" />
                <line number="185" hits="1" branch="False" />
                <line number="199" hits="1" branch="False" />
                <line number="200" hits="3" branch="False" />
              </lines>
            </method>
          </methods>
          <lines>
            <line number="167" hits="3" branch="False" />
            <line number="168" hits="3" branch="False" />
            <line number="170" hits="5" branch="True" condition-coverage="100% (2/2)">
              <conditions>
                <condition number="214" type="jump" coverage="100%" />
              </conditions>
            </line>
            <line number="173" hits="1" branch="False" />
            <line number="174" hits="1" branch="False" />
            <line number="175" hits="1" branch="False" />
            <line number="177" hits="1" branch="False" />
            <line number="182" hits="1" branch="False" />
            <line number="183" hits="1" branch="False" />
            <line number="184" hits="1" branch="False" />
            <line number="185" hits="1" branch="False" />
            <line number="199" hits="1" branch="False" />
            <line number="200" hits="3" branch="False" />
          </lines>
        </class>
        <class name="SAA.Application.Services.MotorAdmisionService/&lt;ProcesarResultadosAsync&gt;d__3" filename="SAA.Application/Services/MotorAdmisionService.cs" line-rate="0.9322" branch-rate="0.8887999999999999" complexity="18">
          <methods>
            <method name="MoveNext" signature="()" line-rate="0.9322" branch-rate="0.8887999999999999" complexity="18">
              <lines>
                <line number="53" hits="15" branch="False" />
                <line number="54" hits="15" branch="False" />
                <line number="55" hits="45" branch="True" condition-coverage="100% (2/2)">
                  <conditions>
                    <condition number="255" type="jump" coverage="100%" />
                  </conditions>
                </line>
                <line number="58" hits="15" branch="False" />
                <line number="59" hits="15" branch="False" />
                <line number="60" hits="15" branch="False" />
                <line number="61" hits="15" branch="False" />
                <line number="63" hits="15" branch="False" />
                <line number="64" hits="15" branch="False" />
                <line number="67" hits="15" branch="False" />
                <line number="68" hits="15" branch="False" />
                <line number="69" hits="15" branch="False" />
                <line number="71" hits="15" branch="False" />
                <line number="72" hits="15" branch="False" />
                <line number="74" hits="75" branch="True" condition-coverage="100% (2/2)">
                  <conditions>
                    <condition number="2028" type="jump" coverage="100%" />
                  </conditions>
                </line>
                <line number="75" hits="15" branch="False" />
                <line number="79" hits="15" branch="False" />
                <line number="81" hits="15" branch="False" />
                <line number="82" hits="15" branch="False" />
                <line number="84" hits="81" branch="True" condition-coverage="100% (2/2)">
                  <conditions>
                    <condition number="1953" type="jump" coverage="100%" />
                  </conditions>
                </line>
                <line number="85" hits="18" branch="False" />
                <line number="86" hits="18" branch="False" />
                <line number="87" hits="19" branch="True" condition-coverage="100% (2/2)">
                  <conditions>
                    <condition number="1587" type="jump" coverage="100%" />
                  </conditions>
                </line>
                <line number="89" hits="17" branch="True" condition-coverage="100% (2/2)">
                  <conditions>
                    <condition number="1649" type="jump" coverage="100%" />
                  </conditions>
                </line>
                <line number="90" hits="15" branch="False" />
                <line number="91" hits="15" branch="True" condition-coverage="100% (2/2)">
                  <conditions>
                    <condition number="1689" type="jump" coverage="100%" />
                  </conditions>
                </line>
                <line number="92" hits="13" branch="False" />
                <line number="93" hits="13" branch="False" />
                <line number="94" hits="13" branch="False" />
                <line number="95" hits="13" branch="False" />
                <line number="97" hits="2" branch="False" />
                <line number="98" hits="2" branch="False" />
                <line number="99" hits="2" branch="False" />
                <line number="100" hits="15" branch="False" />
                <line number="102" hits="17" branch="False" />
                <line number="103" hits="17" branch="False" />
                <line number="104" hits="17" branch="False" />
                <line number="105" hits="17" branch="False" />
                <line number="106" hits="17" branch="False" />
                <line number="107" hits="17" branch="False" />
                <line number="108" hits="17" branch="False" />
                <line number="109" hits="17" branch="False" />
                <line number="110" hits="17" branch="False" />
                <line number="112" hits="17" branch="False" />
                <line number="113" hits="17" branch="False" />
                <line number="114" hits="17" branch="False" />
                <line number="115" hits="17" branch="False" />
                <line number="116" hits="15" branch="False" />
                <line number="118" hits="15" branch="False" />
                <line number="119" hits="30" branch="True" condition-coverage="100% (2/2)">
                  <conditions>
                    <condition number="2201" type="jump" coverage="100%" />
                  </conditions>
                </line>
                <line number="120" hits="15" branch="False" />
                <line number="121" hits="0" branch="False" />
                <line number="122" hits="0" branch="False" />
                <line number="123" hits="0" branch="True" condition-coverage="0% (0/2)">
                  <conditions>
                    <condition number="2412" type="jump" coverage="0%" />
                  </conditions>
                </line>
                <line number="124" hits="0" branch="False" />
                <line number="127" hits="15" branch="False" />
                <line number="128" hits="30" branch="True" condition-coverage="100% (2/2)">
                  <conditions>
                    <condition number="2602" type="jump" coverage="100%" />
                  </conditions>
                </line>
                <line number="129" hits="15" branch="False" />
                <line number="130" hits="15" branch="False" />
              </lines>
            </method>
          </methods>
          <lines>
            <line number="53" hits="15" branch="False" />
            <line number="54" hits="15" branch="False" />
            <line number="55" hits="45" branch="True" condition-coverage="100% (2/2)">
              <conditions>
                <condition number="255" type="jump" coverage="100%" />
              </conditions>
            </line>
            <line number="58" hits="15" branch="False" />
            <line number="59" hits="15" branch="False" />
            <line number="60" hits="15" branch="False" />
            <line number="61" hits="15" branch="False" />
            <line number="63" hits="15" branch="False" />
            <line number="64" hits="15" branch="False" />
            <line number="67" hits="15" branch="False" />
            <line number="68" hits="15" branch="False" />
            <line number="69" hits="15" branch="False" />
            <line number="71" hits="15" branch="False" />
            <line number="72" hits="15" branch="False" />
            <line number="74" hits="75" branch="True" condition-coverage="100% (2/2)">
              <conditions>
                <condition number="2028" type="jump" coverage="100%" />
              </conditions>
            </line>
            <line number="75" hits="15" branch="False" />
            <line number="79" hits="15" branch="False" />
            <line number="81" hits="15" branch="False" />
            <line number="82" hits="15" branch="False" />
            <line number="84" hits="81" branch="True" condition-coverage="100% (2/2)">
              <conditions>
                <condition number="1953" type="jump" coverage="100%" />
              </conditions>
            </line>
            <line number="85" hits="18" branch="False" />
            <line number="86" hits="18" branch="False" />
            <line number="87" hits="19" branch="True" condition-coverage="100% (2/2)">
              <conditions>
                <condition number="1587" type="jump" coverage="100%" />
              </conditions>
            </line>
            <line number="89" hits="17" branch="True" condition-coverage="100% (2/2)">
              <conditions>
                <condition number="1649" type="jump" coverage="100%" />
              </conditions>
            </line>
            <line number="90" hits="15" branch="False" />
            <line number="91" hits="15" branch="True" condition-coverage="100% (2/2)">
              <conditions>
                <condition number="1689" type="jump" coverage="100%" />
              </conditions>
            </line>
            <line number="92" hits="13" branch="False" />
            <line number="93" hits="13" branch="False" />
            <line number="94" hits="13" branch="False" />
            <line number="95" hits="13" branch="False" />
            <line number="97" hits="2" branch="False" />
            <line number="98" hits="2" branch="False" />
            <line number="99" hits="2" branch="False" />
            <line number="100" hits="15" branch="False" />
            <line number="102" hits="17" branch="False" />
            <line number="103" hits="17" branch="False" />
            <line number="104" hits="17" branch="False" />
            <line number="105" hits="17" branch="False" />
            <line number="106" hits="17" branch="False" />
            <line number="107" hits="17" branch="False" />
            <line number="108" hits="17" branch="False" />
            <line number="109" hits="17" branch="False" />
            <line number="110" hits="17" branch="False" />
            <line number="112" hits="17" branch="False" />
            <line number="113" hits="17" branch="False" />
            <line number="114" hits="17" branch="False" />
            <line number="115" hits="17" branch="False" />
            <line number="116" hits="15" branch="False" />
            <line number="118" hits="15" branch="False" />
            <line number="119" hits="30" branch="True" condition-coverage="100% (2/2)">
              <conditions>
                <condition number="2201" type="jump" coverage="100%" />
              </conditions>
            </line>
            <line number="120" hits="15" branch="False" />
            <line number="121" hits="0" branch="False" />
            <line number="122" hits="0" branch="False" />
            <line number="123" hits="0" branch="True" condition-coverage="0% (0/2)">
              <conditions>
                <condition number="2412" type="jump" coverage="0%" />
              </conditions>
            </line>
            <line number="124" hits="0" branch="False" />
            <line number="127" hits="15" branch="False" />
            <line number="128" hits="30" branch="True" condition-coverage="100% (2/2)">
              <conditions>
                <condition number="2602" type="jump" coverage="100%" />
              </conditions>
            </line>
            <line number="129" hits="15" branch="False" />
            <line number="130" hits="15" branch="False" />
          </lines>
        </class>
        <class name="SAA.Application.Services.MotorAdmisionService/&lt;RegistrarExamenAsync&gt;d__2" filename="SAA.Application/Services/MotorAdmisionService.cs" line-rate="0.8518000000000001" branch-rate="0.8" complexity="10">
          <methods>
            <method name="MoveNext" signature="()" line-rate="0.8518000000000001" branch-rate="0.8" complexity="10">
              <lines>
                <line number="18" hits="3" branch="False" />
                <line number="19" hits="3" branch="False" />
[...]
                <line number="223" hits="5" branch="False" />
              </lines>
            </method>
          </methods>
          <lines>
            <line number="22" hits="6" branch="False" />
            <line number="24" hits="6" branch="False" />
            <line number="26" hits="6" branch="False" />
            <line number="29" hits="5" branch="True" condition-coverage="100% (2/2)">
              <conditions>
                <condition number="359" type="jump" coverage="100%" />
              </conditions>
            </line>
            <line number="30" hits="4" branch="False" />
            <line number="31" hits="4" branch="False" />
            <line number="32" hits="4" branch="False" />
            <line number="33" hits="4" branch="False" />
            <line number="34" hits="4" branch="False" />
            <line number="35" hits="4" branch="False" />
            <line number="36" hits="4" branch="False" />
            <line number="37" hits="4" branch="False" />
            <line number="38" hits="4" branch="False" />
            <line number="39" hits="4" branch="False" />
            <line number="40" hits="4" branch="False" />
            <line number="42" hits="4" branch="False" />
            <line number="43" hits="4" branch="False" />
            <line number="44" hits="4" branch="False" />
            <line number="47" hits="5" branch="True" condition-coverage="100% (2/2)">
              <conditions>
                <condition number="642" type="jump" coverage="100%" />
              </conditions>
            </line>
            <line number="48" hits="4" branch="False" />
            <line number="49" hits="4" branch="False" />
            <line number="50" hits="4" branch="False" />
            <line number="51" hits="4" branch="False" />
            <line number="52" hits="4" branch="False" />
            <line number="53" hits="4" branch="False" />
            <line number="54" hits="4" branch="False" />
            <line number="55" hits="4" branch="False" />
            <line number="56" hits="4" branch="False" />
            <line number="57" hits="4" branch="False" />
            <line number="59" hits="1" branch="False" />
            <line number="61" hits="1" branch="False" />
            <line number="62" hits="1" branch="False" />
            <line number="63" hits="9" branch="True" condition-coverage="100% (2/2)">
              <conditions>
                <condition number="1376" type="jump" coverage="100%" />
              </conditions>
            </line>
            <line number="64" hits="3" branch="False" />
            <line number="65" hits="3" branch="True" condition-coverage="50% (2/4)">
              <conditions>
                <condition number="1136" type="jump" coverage="50%" />
                <condition number="1180" type="jump" coverage="50%" />
              </conditions>
            </line>
            <line number="66" hits="0" branch="False" />
            <line number="67" hits="0" branch="True" condition-coverage="0% (0/2)">
              <conditions>
                <condition number="1211" type="jump" coverage="0%" />
              </conditions>
            </line>
            <line number="68" hits="0" branch="True" condition-coverage="0% (0/2)">
              <conditions>
                <condition number="1259" type="jump" coverage="0%" />
              </conditions>
            </line>
            <line number="69" hits="0" branch="True" condition-coverage="0% (0/2)">
              <conditions>
                <condition number="1307" type="jump" coverage="0%" />
              </conditions>
            </line>
            <line number="70" hits="0" branch="False" />
            <line number="71" hits="0" branch="False" />
            <line number="72" hits="0" branch="False" />
            <line number="73" hits="3" branch="False" />
            <line number="74" hits="1" branch="True" condition-coverage="50% (1/2)">
              <conditions>
                <condition number="1428" type="jump" coverage="50%" />
              </conditions>
            </line>
            <line number="75" hits="1" branch="False" />
            <line number="77" hits="5" branch="False" />
            <line number="78" hits="5" branch="False" />
            <line number="81" hits="5" branch="False" />
            <line number="82" hits="5" branch="False" />
            <line number="84" hits="5" branch="True" condition-coverage="100% (4/4)">
              <conditions>
                <condition number="1651" type="jump" coverage="100%" />
                <condition number="1674" type="jump" coverage="100%" />
              </conditions>
            </line>
            <line number="85" hits="4" branch="False" />
            <line number="86" hits="4" branch="False" />
            <line number="87" hits="4" branch="False" />
            <line number="88" hits="4" branch="False" />
            <line number="89" hits="4" branch="False" />
            <line number="91" hits="4008" branch="True" condition-coverage="100% (2/2)">
              <conditions>
                <condition number="2412" type="jump" coverage="100%" />
              </conditions>
            </line>
            <line number="92" hits="2000" branch="False" />
            <line number="93" hits="2000" branch="True" condition-coverage="100% (2/2)">
              <conditions>
                <condition number="1744" type="jump" coverage="100%" />
              </conditions>
            </line>
            <line number="94" hits="2000" branch="False" />
            <line number="96" hits="2000" branch="True" condition-coverage="100% (4/4)">
              <conditions>
                <condition number="1838" type="jump" coverage="100%" />
                <condition number="1904" type="jump" coverage="100%" />
              </conditions>
            </line>
            <line number="97" hits="2000" branch="False" />
            <line number="98" hits="2000" branch="False" />
            <line number="99" hits="2000" branch="False" />
            <line number="100" hits="2000" branch="False" />
            <line number="101" hits="2000" branch="False" />
            <line number="102" hits="2000" branch="False" />
            <line number="103" hits="2000" branch="False" />
            <line number="104" hits="2000" branch="False" />
            <line number="105" hits="2000" branch="False" />
            <line number="106" hits="2000" branch="False" />
            <line number="107" hits="2000" branch="False" />
            <line number="108" hits="2000" branch="False" />
            <line number="109" hits="2000" branch="False" />
            <line number="112" hits="2000" branch="False" />
            <line number="113" hits="2000" branch="False" />
            <line number="114" hits="2000" branch="False" />
            <line number="115" hits="2000" branch="False" />
            <line number="116" hits="2000" branch="False" />
            <line number="117" hits="2000" branch="False" />
            <line number="118" hits="2000" branch="False" />
            <line number="119" hits="2000" branch="False" />
            <line number="120" hits="2000" branch="False" />
            <line number="121" hits="2000" branch="False" />
            <line number="122" hits="2000" branch="False" />
            <line number="124" hits="4" branch="False" />
            <line number="125" hits="4" branch="False" />
            <line number="126" hits="4" branch="False" />
            <line number="129" hits="4008" branch="True" condition-coverage="100% (2/2)">
              <conditions>
                <condition number="2800" type="jump" coverage="100%" />
              </conditions>
            </line>
            <line number="130" hits="2000" branch="False" />
            <line number="131" hits="2000" branch="False" />
            <line number="132" hits="2000" branch="False" />
            <line number="133" hits="2000" branch="False" />
            <line number="134" hits="2000" branch="False" />
            <line number="135" hits="2000" branch="False" />
            <line number="136" hits="2000" branch="False" />
            <line number="137" hits="2000" branch="False" />
            <line number="138" hits="2000" branch="False" />
            <line number="139" hits="2000" branch="False" />
            <line number="140" hits="2000" branch="False" />
            <line number="141" hits="2000" branch="False" />
            <line number="142" hits="4" branch="False" />
            <line number="143" hits="4" branch="False" />
            <line number="145" hits="4008" branch="True" condition-coverage="100% (2/2)">
              <conditions>
                <condition number="3212" type="jump" coverage="100%" />
              </conditions>
            </line>
            <line number="146" hits="2000" branch="False" />
            <line number="147" hits="2000" branch="False" />
            <line number="149" hits="2000" branch="False" />
            <line number="151" hits="2000" branch="False" />
            <line number="152" hits="2000" branch="False" />
            <line number="153" hits="2000" branch="False" />
            <line number="154" hits="2000" branch="False" />
            <line number="155" hits="2000" branch="False" />
            <line number="156" hits="2000" branch="False" />
            <line number="157" hits="2000" branch="False" />
            <line number="158" hits="2000" branch="False" />
            <line number="159" hits="2000" branch="False" />
            <line number="160" hits="2000" branch="False" />
            <line number="161" hits="2000" branch="False" />
            <line number="162" hits="2000" branch="False" />
            <line number="163" hits="4" branch="False" />
            <line number="164" hits="4" branch="False" />
            <line number="165" hits="4" branch="False" />
            <line number="168" hits="5" branch="True" condition-coverage="50% (1/2)">
              <conditions>
                <condition number="3505" type="jump" coverage="50%" />
              </conditions>
            </line>
            <line number="169" hits="0" branch="False" />
            <line number="170" hits="0" branch="True" condition-coverage="0% (0/2)">
              <conditions>
                <condition number="3534" type="jump" coverage="0%" />
              </conditions>
            </line>
            <line number="171" hits="0" branch="True" condition-coverage="0% (0/2)">
              <conditions>
                <condition number="3627" type="jump" coverage="0%" />
              </conditions>
            </line>
            <line number="172" hits="0" branch="False" />
            <line number="173" hits="0" branch="False" />
            <line number="174" hits="0" branch="False" />
            <line number="175" hits="0" branch="False" />
            <line number="177" hits="0" branch="False" />
            <line number="178" hits="0" branch="False" />
            <line number="179" hits="0" branch="False" />
            <line number="180" hits="0" branch="False" />
            <line number="181" hits="0" branch="False" />
            <line number="182" hits="0" branch="False" />
            <line number="183" hits="0" branch="False" />
            <line number="184" hits="0" branch="False" />
            <line number="185" hits="0" branch="False" />
            <line number="186" hits="0" branch="False" />
            <line number="187" hits="0" branch="False" />
            <line number="188" hits="0" branch="False" />
            <line number="189" hits="0" branch="False" />
            <line number="190" hits="0" branch="False" />
            <line number="191" hits="0" branch="False" />
            <line number="193" hits="0" branch="False" />
            <line number="194" hits="0" branch="False" />
            <line number="195" hits="0" branch="False" />
            <line number="196" hits="0" branch="False" />
            <line number="197" hits="0" branch="False" />
            <line number="198" hits="0" branch="False" />
            <line number="199" hits="0" branch="False" />
            <line number="200" hits="0" branch="False" />
            <line number="201" hits="0" branch="False" />
            <line number="202" hits="0" branch="False" />
            <line number="204" hits="0" branch="False" />
            <line number="205" hits="0" branch="False" />
            <line number="206" hits="0" branch="False" />
            <line number="207" hits="0" branch="False" />
            <line number="208" hits="0" branch="False" />
            <line number="209" hits="0" branch="False" />
            <line number="210" hits="0" branch="False" />
            <line number="211" hits="0" branch="False" />
            <line number="212" hits="0" branch="False" />
            <line number="213" hits="0" branch="False" />
            <line number="214" hits="0" branch="False" />
            <line number="215" hits="0" branch="False" />
            <line number="216" hits="0" branch="False" />
            <line number="217" hits="5" branch="False" />
            <line number="218" hits="1" branch="False" />
            <line number="219" hits="1" branch="False" />
            <line number="220" hits="1" branch="False" />
            <line number="221" hits="1" branch="False" />
            <line number="223" hits="5" branch="False" />
          </lines>
        </class>
        <class name="SAA.Infrastructure.Data.SAADbContext" filename="SAA.Infrastructure/Data/SAADbContext.cs" line-rate="1" branch-rate="1" complexity="10">
          <methods>
            <method name="get_Usuarios" signature="()" line-rate="1" branch-rate="1" complexity="1">
              <lines>
                <line number="15" hits="136" branch="False" />
              </lines>
            </method>
            <method name="get_Roles" signature="()" line-rate="1" branch-rate="1" complexity="1">
              <lines>
                <line number="16" hits="109" branch="False" />
              </lines>
            </method>
            <method name="get_Postulantes" signature="()" line-rate="1" branch-rate="1" complexity="1">
              <lines>
                <line number="19" hits="181" branch="False" />
              </lines>
            </method>
            <method name="get_FichasPostulacion" signature="()" line-rate="1" branch-rate="1" complexity="1">
              <lines>
                <line number="20" hits="149" branch="False" />
              </lines>
            </method>
            <method name="get_ExamenesAdmision" signature="()" line-rate="1" branch-rate="1" complexity="1">
              <lines>
                <line number="21" hits="149" branch="False" />
              </lines>
            </method>
            <method name="get_ResultadosAdmision" signature="()" line-rate="1" branch-rate="1" complexity="1">
              <lines>
                <line number="22" hits="186" branch="False" />
              </lines>
            </method>
            <method name="get_ProgramasAcademicos" signature="()" line-rate="1" branch-rate="1" complexity="1">
              <lines>
                <line number="25" hits="168" branch="False" />
              </lines>
            </method>
            <method name="get_PeriodosAdmision" signature="()" line-rate="1" branch-rate="1" complexity="1">
              <lines>
                <line number="26" hits="109" branch="False" />
              </lines>
            </method>
            <method name="OnModelCreating" signature="(Microsoft.EntityFrameworkCore.ModelBuilder)" line-rate="1" branch-rate="1" complexity="1">
              <lines>
                <line number="29" hits="3" branch="False" />
                <line number="30" hits="3" branch="False" />
                <line number="33" hits="6" branch="False" />
                <line number="34" hits="3" branch="False" />
                <line number="35" hits="6" branch="False" />
                <line number="37" hits="3" branch="False" />
                <line number="40" hits="6" branch="False" />
                <line number="41" hits="3" branch="False" />
                <line number="42" hits="6" branch="False" />
                <line number="44" hits="6" branch="False" />
                <line number="45" hits="3" branch="False" />
                <line number="46" hits="6" branch="False" />
                <line number="48" hits="6" branch="False" />
                <line number="49" hits="3" branch="False" />
                <line number="50" hits="3" branch="False" />
                <line number="51" hits="6" branch="False" />
                <line number="53" hits="6" branch="False" />
                <line number="54" hits="3" branch="False" />
                <line number="55" hits="3" branch="False" />
                <line number="56" hits="6" branch="False" />
                <line number="59" hits="6" branch="False" />
                <line number="60" hits="3" branch="False" />
                <line number="61" hits="6" branch="False" />
                <line number="63" hits="3" branch="False" />
                <line number="64" hits="3" branch="False" />
              </lines>
            </method>
            <method name=".ctor" signature="(Microsoft.EntityFrameworkCore.DbContextOptions`1&lt;SAA.Infrastructure.Data.SAADbContext&gt;)" line-rate="1" branch-rate="1" complexity="1">
              <lines>
                <line number="10" hits="54" branch="False" />
                <line number="11" hits="54" branch="False" />
                <line number="12" hits="54" branch="False" />
              </lines>
            </method>
          </methods>
          <lines>
            <line number="15" hits="136" branch="False" />
            <line number="16" hits="109" branch="False" />
            <line number="19" hits="181" branch="False" />
            <line number="20" hits="149" branch="False" />
            <line number="21" hits="149" branch="False" />
            <line number="22" hits="186" branch="False" />
            <line number="25" hits="168" branch="False" />
            <line number="26" hits="109" branch="False" />
            <line number="29" hits="3" branch="False" />
            <line number="30" hits="3" branch="False" />
            <line number="33" hits="6" branch="False" />
            <line number="34" hits="3" branch="False" />
            <line number="35" hits="6" branch="False" />
            <line number="37" hits="3" branch="False" />
            <line number="40" hits="6" branch="False" />
            <line number="41" hits="3" branch="False" />
            <line number="42" hits="6" branch="False" />
            <line number="44" hits="6" branch="False" />
            <line number="45" hits="3" branch="False" />
            <line number="46" hits="6" branch="False" />
            <line number="48" hits="6" branch="False" />
            <line number="49" hits="3" branch="False" />
            <line number="50" hits="3" branch="False" />
            <line number="51" hits="6" branch="False" />
            <line number="53" hits="6" branch="False" />
            <line number="54" hits="3" branch="False" />
            <line number="55" hits="3" branch="False" />
            <line number="56" hits="6" branch="False" />
            <line number="59" hits="6" branch="False" />
            <line number="60" hits="3" branch="False" />
            <line number="61" hits="6" branch="False" />
            <line number="63" hits="3" branch="False" />
            <line number="64" hits="3" branch="False" />
            <line number="10" hits="54" branch="False" />
            <line number="11" hits="54" branch="False" />
            <line number="12" hits="54" branch="False" />
          </lines>
        </class>
      </classes>
    </package>
  </packages>
</coverage>